2025-01-31 10:54:45.174 | INFO     | util_logger:<module>:41 - Logging to file: logs\project_log.log
2025-01-31 10:54:45.175 | INFO     | __main__:main:93 - Starting CSV fetch demonstration...
2025-01-31 10:54:45.175 | INFO     | __main__:fetch_csv_file:52 - Fetching CSV data from https://raw.githubusercontent.com/MainakRepositor/Datasets/master/World%20Happiness%20Data/2020.csv...
2025-01-31 10:54:45.581 | INFO     | __main__:write_csv_file:76 - Writing CSV data to example_data\2020_happiness.csv...
2025-01-31 10:54:45.583 | INFO     | __main__:write_csv_file:80 - SUCCESS: CSV data written to example_data\2020_happiness.csv
2025-01-31 10:54:45.586 | INFO     | __main__:fetch_csv_file:56 - SUCCESS: CSV file fetched and saved as 2020_happiness.csv
2025-01-31 10:56:23.296 | INFO     | utils_logger:<module>:41 - Logging to file: logs\project_log.log
2025-01-31 10:56:23.297 | INFO     | __main__:main:93 - Starting text fetch demonstration...
2025-01-31 10:56:23.297 | INFO     | __main__:fetch_txt_file:52 - Fetching text data from https://raw.githubusercontent.com/denisecase/datafun-03-analytics/main/hosted/romeo.txt...
2025-01-31 10:56:23.822 | INFO     | __main__:write_txt_file:76 - Writing data to example_data\romeo.txt...
2025-01-31 10:56:23.825 | INFO     | __main__:write_txt_file:80 - SUCCESS: Data written to example_data\romeo.txt
2025-01-31 10:56:23.825 | INFO     | __main__:fetch_txt_file:56 - SUCCESS: Text file fetched and saved as romeo.txt
2025-01-31 10:57:15.505 | INFO     | utils_logger:<module>:41 - Logging to file: logs\project_log.log
2025-01-31 10:57:15.505 | INFO     | __main__:main:94 - Starting JSON fetch demonstration...
2025-01-31 10:57:15.506 | INFO     | __main__:fetch_json_file:53 - Fetching JSON data from http://api.open-notify.org/astros.json...
2025-01-31 11:02:37.902 | INFO     | utils_logger:<module>:41 - Logging to file: logs\project_log.log
2025-01-31 11:02:37.903 | INFO     | __main__:<module>:84 - Starting JSON processing...
2025-01-31 11:02:37.903 | ERROR    | __main__:count_astronauts_by_craft:61 - Error reading or processing JSON file: [Errno 2] No such file or directory: 'example_data\\astros.json'
2025-01-31 11:02:37.904 | INFO     | __main__:process_json_file:77 - Processed JSON file: example_data\astros.json, Results saved to: example_processed\json_astronauts_by_craft.txt
2025-01-31 11:02:37.904 | INFO     | __main__:<module>:86 - JSON processing complete.
2025-01-31 11:03:06.335 | INFO     | utils_logger:<module>:41 - Logging to file: logs\project_log.log
2025-01-31 11:03:06.335 | INFO     | __main__:main:94 - Starting JSON fetch demonstration...
2025-01-31 11:03:06.335 | INFO     | __main__:fetch_json_file:53 - Fetching JSON data from http://api.open-notify.org/astros.json...
2025-01-31 11:03:07.433 | INFO     | __main__:write_json_file:77 - Writing JSON data to example_data\astros.json...
2025-01-31 11:03:07.437 | INFO     | __main__:write_json_file:81 - SUCCESS: JSON data written to example_data\astros.json
2025-01-31 11:03:07.438 | INFO     | __main__:fetch_json_file:57 - SUCCESS: JSON file fetched and saved as astros.json
2025-01-31 11:03:12.881 | INFO     | utils_logger:<module>:41 - Logging to file: logs\project_log.log
2025-01-31 11:03:12.881 | INFO     | __main__:<module>:84 - Starting JSON processing...
2025-01-31 11:03:12.882 | INFO     | __main__:process_json_file:77 - Processed JSON file: example_data\astros.json, Results saved to: example_processed\json_astronauts_by_craft.txt
2025-01-31 11:03:12.882 | INFO     | __main__:<module>:86 - JSON processing complete.
2025-01-31 11:32:33.856 | INFO     | utils_logger:<module>:41 - Logging to file: logs\project_log.log
2025-01-31 11:32:33.856 | INFO     | __main__:main:93 - Starting CSV fetch demonstration...
2025-01-31 11:32:33.856 | INFO     | __main__:fetch_csv_file:52 - Fetching CSV data from https://raw.githubusercontent.com/MainakRepositor/Datasets/master/World%20Happiness%20Data/2020.csv...
2025-01-31 11:32:34.029 | INFO     | __main__:write_csv_file:76 - Writing CSV data to example_data\2020_happiness.csv...
2025-01-31 11:32:34.032 | INFO     | __main__:write_csv_file:80 - SUCCESS: CSV data written to example_data\2020_happiness.csv
2025-01-31 11:32:34.033 | INFO     | __main__:fetch_csv_file:56 - SUCCESS: CSV file fetched and saved as 2020_happiness.csv
2025-01-31 11:32:38.043 | INFO     | utils_logger:<module>:41 - Logging to file: logs\project_log.log
2025-01-31 11:32:38.043 | INFO     | __main__:main:93 - Starting Excel fetch demonstration...
2025-01-31 11:32:38.043 | INFO     | __main__:fetch_excel_file:52 - Fetching Excel data from https://raw.githubusercontent.com/denisecase/datafun-03-analytics/main/hosted/Feedback.xlsx...
2025-01-31 11:32:38.418 | INFO     | __main__:write_excel_file:76 - Writing Excel data to example_data\feedback.xlsx...
2025-01-31 11:32:38.424 | INFO     | __main__:write_excel_file:80 - SUCCESS: Excel data written to example_data\feedback.xlsx
2025-01-31 11:32:38.425 | INFO     | __main__:fetch_excel_file:56 - SUCCESS: Excel file fetched and saved as feedback.xlsx
2025-01-31 11:32:45.553 | INFO     | utils_logger:<module>:41 - Logging to file: logs\project_log.log
2025-01-31 11:32:45.554 | INFO     | __main__:main:94 - Starting JSON fetch demonstration...
2025-01-31 11:32:45.554 | INFO     | __main__:fetch_json_file:53 - Fetching JSON data from http://api.open-notify.org/astros.json...
2025-01-31 11:32:45.652 | INFO     | __main__:write_json_file:77 - Writing JSON data to example_data\astros.json...
2025-01-31 11:32:45.655 | INFO     | __main__:write_json_file:81 - SUCCESS: JSON data written to example_data\astros.json
2025-01-31 11:32:45.656 | INFO     | __main__:fetch_json_file:57 - SUCCESS: JSON file fetched and saved as astros.json
2025-01-31 11:32:53.565 | INFO     | utils_logger:<module>:41 - Logging to file: logs\project_log.log
2025-01-31 11:32:53.565 | INFO     | __main__:main:93 - Starting text fetch demonstration...
2025-01-31 11:32:53.565 | INFO     | __main__:fetch_txt_file:52 - Fetching text data from https://raw.githubusercontent.com/denisecase/datafun-03-analytics/main/hosted/romeo.txt...
2025-01-31 11:32:53.731 | INFO     | __main__:write_txt_file:76 - Writing data to example_data\romeo.txt...
2025-01-31 11:32:53.735 | INFO     | __main__:write_txt_file:80 - SUCCESS: Data written to example_data\romeo.txt
2025-01-31 11:32:53.737 | INFO     | __main__:fetch_txt_file:56 - SUCCESS: Text file fetched and saved as romeo.txt
2025-01-31 11:32:57.628 | INFO     | utils_logger:<module>:41 - Logging to file: logs\project_log.log
2025-01-31 11:32:57.629 | INFO     | __main__:<module>:78 - Starting CSV processing...
2025-01-31 11:32:57.632 | INFO     | __main__:process_csv_file:71 - Processed CSV file: example_data\2020_happiness.csv, Statistics saved to: example_processed\happiness_ladder_score_stats.txt
2025-01-31 11:32:57.632 | INFO     | __main__:<module>:80 - CSV processing complete.
2025-01-31 11:34:02.829 | INFO     | utils_logger:<module>:41 - Logging to file: logs\project_log.log
2025-01-31 11:34:02.830 | INFO     | __main__:<module>:84 - Starting JSON processing...
2025-01-31 11:34:02.830 | INFO     | __main__:process_json_file:77 - Processed JSON file: example_data\astros.json, Results saved to: example_processed\json_astronauts_by_craft.txt
2025-01-31 11:34:02.831 | INFO     | __main__:<module>:86 - JSON processing complete.
2025-01-31 11:34:08.203 | INFO     | utils_logger:<module>:41 - Logging to file: logs\project_log.log
2025-01-31 11:34:08.203 | INFO     | __main__:<module>:52 - Starting text processing...
2025-01-31 11:34:08.206 | INFO     | __main__:process_text_file:45 - Processed text file: example_data\romeo.txt, Word count saved to: example_processed\text_romeo_word_count.txt
2025-01-31 11:34:08.206 | INFO     | __main__:<module>:54 - Text processing complete.
2025-01-31 12:01:27.554 | INFO     | utils_logger:<module>:41 - Logging to file: logs\project_log.log
2025-01-31 12:01:27.555 | INFO     | __main__:<module>:61 - Starting Excel processing...
2025-01-31 12:01:27.568 | INFO     | __main__:process_excel_file:54 - Processed Excel file: example_data\feedback.xlsx, Word count saved to: example_processed\excel_feedback_github_count.txt
2025-01-31 12:01:27.569 | INFO     | __main__:<module>:63 - Excel processing complete.
2025-01-31 13:36:55.440 | INFO     | utils_logger:<module>:41 - Logging to file: logs\project_log.log
2025-01-31 13:36:55.441 | INFO     | __main__:main:93 - Starting CSV fetch demonstration...
2025-01-31 13:36:55.441 | INFO     | __main__:fetch_csv_file:52 - Fetching CSV data from https://github.com/dfintel25/Sample-Data/raw/refs/heads/main/Solar_Footprints_V2_7811899327930675815.csv...
2025-01-31 13:36:55.816 | INFO     | __main__:write_csv_file:76 - Writing CSV data to fintel_solar\fintel_solar...
2025-01-31 13:37:27.088 | INFO     | utils_logger:<module>:41 - Logging to file: logs\project_log.log
2025-01-31 13:37:27.088 | INFO     | __main__:main:93 - Starting CSV fetch demonstration...
2025-01-31 13:37:27.088 | INFO     | __main__:fetch_csv_file:52 - Fetching CSV data from https://github.com/dfintel25/Sample-Data/raw/refs/heads/main/Solar_Footprints_V2_7811899327930675815.csv...
2025-01-31 13:37:27.291 | INFO     | __main__:write_csv_file:76 - Writing CSV data to fintel_solar\fintel_solar...
2025-01-31 13:41:12.548 | INFO     | utils_logger:<module>:41 - Logging to file: logs\project_log.log
2025-01-31 13:41:12.548 | INFO     | __main__:main:93 - Starting CSV fetch demonstration...
2025-01-31 13:41:12.548 | INFO     | __main__:fetch_csv_file:52 - Fetching CSV data from https://github.com/dfintel25/Sample-Data/raw/refs/heads/main/Solar_Footprints_V2_7811899327930675815.csv...
2025-01-31 13:41:13.113 | INFO     | __main__:write_csv_file:76 - Writing CSV data to fintel_solar\fintel_solar...
2025-01-31 13:45:20.007 | INFO     | utils_logger:<module>:41 - Logging to file: logs\project_log.log
2025-01-31 13:45:20.007 | INFO     | __main__:main:94 - Starting CSV fetch demonstration...
2025-01-31 13:45:20.007 | INFO     | __main__:fetch_csv_file:52 - Fetching CSV data from https://github.com/dfintel25/Sample-Data/raw/refs/heads/main/Solar_Footprints_V2_7811899327930675815.csv...
2025-01-31 13:45:20.412 | INFO     | __main__:write_csv_file:76 - Writing CSV data to fintel_solar\fintel_solar...
2025-01-31 13:45:20.418 | INFO     | __main__:write_csv_file:81 - SUCCESS: CSV data written to fintel_solar\fintel_solar
2025-01-31 13:45:20.418 | INFO     | __main__:fetch_csv_file:56 - SUCCESS: CSV file fetched and saved as fintel_solar
2025-01-31 13:48:42.361 | INFO     | utils_logger:<module>:41 - Logging to file: logs\project_log.log
2025-01-31 13:48:42.361 | INFO     | __main__:<module>:78 - Starting CSV processing...
2025-01-31 13:48:42.362 | ERROR    | __main__:analyze_ladder_score:53 - Error processing CSV file: [Errno 2] No such file or directory: 'fintel_solar\\fintel_solar.csv'
2025-01-31 13:48:58.196 | INFO     | utils_logger:<module>:41 - Logging to file: logs\project_log.log
2025-01-31 13:48:58.196 | INFO     | __main__:<module>:78 - Starting CSV processing...
2025-01-31 13:48:58.197 | ERROR    | __main__:analyze_ladder_score:53 - Error processing CSV file: [Errno 2] No such file or directory: 'fintel_solar\\fintel_solar.csv'
2025-01-31 13:52:22.781 | INFO     | utils_logger:<module>:41 - Logging to file: logs\project_log.log
2025-01-31 13:52:22.782 | INFO     | __main__:main:94 - Starting CSV fetch demonstration...
2025-01-31 13:52:22.782 | INFO     | __main__:fetch_csv_file:52 - Fetching CSV data from https://github.com/dfintel25/Sample-Data/raw/refs/heads/main/Solar_Footprints_V2_7811899327930675815.csv...
2025-01-31 13:52:23.449 | INFO     | __main__:write_csv_file:76 - Writing CSV data to fintel_solar\fintel_solar...
2025-01-31 13:52:23.456 | INFO     | __main__:write_csv_file:81 - SUCCESS: CSV data written to fintel_solar\fintel_solar
2025-01-31 13:52:23.456 | INFO     | __main__:fetch_csv_file:56 - SUCCESS: CSV file fetched and saved as fintel_solar
2025-01-31 13:52:35.902 | INFO     | utils_logger:<module>:41 - Logging to file: logs\project_log.log
2025-01-31 13:52:35.902 | INFO     | __main__:<module>:78 - Starting CSV processing...
2025-01-31 13:52:35.903 | ERROR    | __main__:analyze_ladder_score:53 - Error processing CSV file: [Errno 2] No such file or directory: 'fintel_solar\\fintel_solar.csv'
